<?xml version="1.0" encoding="UTF-8"?>
<testng-results skipped="0" failed="0" total="3" passed="3">
  <reporter-output>
  </reporter-output>
  <suite name="Default suite" duration-ms="12242" started-at="2021-04-13T13:15:41Z" finished-at="2021-04-13T13:15:54Z">
    <groups>
    </groups>
    <test name="Default test" duration-ms="12242" started-at="2021-04-13T13:15:41Z" finished-at="2021-04-13T13:15:54Z">
      <class name="AutomateApplication">
        <test-method status="PASS" signature="setUp()[pri:0, instance:AutomateApplication@3ecf72fd]" name="setUp" is-config="true" duration-ms="7734" started-at="2021-04-13T18:45:41Z" finished-at="2021-04-13T18:45:49Z">
          <reporter-output>
          </reporter-output>
        </test-method> <!-- setUp -->
        <test-method status="PASS" signature="drawLineActivity()[pri:0, instance:AutomateApplication@3ecf72fd]" name="drawLineActivity" duration-ms="1240" started-at="2021-04-13T18:45:49Z" finished-at="2021-04-13T18:45:50Z">
          <reporter-output>
          </reporter-output>
        </test-method> <!-- drawLineActivity -->
        <test-method status="PASS" signature="drawRectangleActivity()[pri:0, instance:AutomateApplication@3ecf72fd]" name="drawRectangleActivity" duration-ms="369" started-at="2021-04-13T18:45:50Z" depends-on-methods="AutomateApplication.drawLineActivity" finished-at="2021-04-13T18:45:51Z">
          <reporter-output>
          </reporter-output>
        </test-method> <!-- drawRectangleActivity -->
        <test-method status="PASS" signature="eraseLine()[pri:0, instance:AutomateApplication@3ecf72fd]" name="eraseLine" duration-ms="459" started-at="2021-04-13T18:45:51Z" depends-on-methods="AutomateApplication.drawRectangleActivity" finished-at="2021-04-13T18:45:51Z">
          <reporter-output>
          </reporter-output>
        </test-method> <!-- eraseLine -->
        <test-method status="PASS" signature="tearDown()[pri:0, instance:AutomateApplication@3ecf72fd]" name="tearDown" is-config="true" duration-ms="2427" started-at="2021-04-13T18:45:51Z" finished-at="2021-04-13T18:45:54Z">
          <reporter-output>
          </reporter-output>
        </test-method> <!-- tearDown -->
      </class> <!-- AutomateApplication -->
    </test> <!-- Default test -->
  </suite> <!-- Default suite -->
</testng-results>
